{"level":"debug","message":"Server is running on port 3000","timestamp":"2023-12-22T06:31:42.038Z"}
{"level":"debug","message":"Server is running on port 3000","timestamp":"2023-12-22T06:32:17.839Z"}
{"level":"debug","message":"Server is running on port 3000","timestamp":"2023-12-22T06:32:24.820Z"}
{"level":"debug","message":"Server is running on port 3000","timestamp":"2023-12-22T06:38:55.245Z"}
{"level":"debug","message":"Server is running on port 3000","timestamp":"2023-12-22T06:38:59.765Z"}
{"level":"debug","message":"Server is running on port 3000","timestamp":"2023-12-22T06:39:02.191Z"}
{"level":"debug","message":"Server is running on port 3000","timestamp":"2023-12-22T06:39:11.416Z"}
{"level":"debug","message":"Server is running on port 3000","timestamp":"2023-12-22T06:39:16.292Z"}
{"level":"debug","message":"Server is running on port 3000","timestamp":"2023-12-22T06:39:22.838Z"}
{"level":"debug","message":"Server is running on port 3000","timestamp":"2023-12-22T06:39:28.174Z"}
{"level":"debug","message":"Server is running on port 3000","timestamp":"2023-12-22T06:39:29.383Z"}
{"level":"debug","timestamp":"2023-12-22T06:39:36.965Z"}
{"level":"debug","message":"Server is running on port 3000","timestamp":"2023-12-22T06:41:34.261Z"}
{"level":"debug","message":"Server is running on port 3000","timestamp":"2023-12-22T06:43:19.864Z"}
{"level":"debug","message":"Server is running on port 3000","timestamp":"2023-12-22T06:43:26.081Z"}
{"level":"debug","message":"Server is running on port 3000","timestamp":"2023-12-22T06:46:53.866Z"}
{"level":"debug","message":"Server is running on port 3000","timestamp":"2023-12-22T06:47:13.553Z"}
{"level":"debug","message":"Server is running on port 3000","timestamp":"2023-12-22T06:48:21.098Z"}
{"level":"debug","message":"Server is running on port 3000","timestamp":"2023-12-22T06:48:22.397Z"}
{"level":"debug","message":"Server is running on port 3000","timestamp":"2023-12-22T06:49:03.879Z"}
{"level":"debug","message":"Server is running on port 3000","timestamp":"2023-12-22T06:51:17.025Z"}
{"level":"debug","message":"Server is running on port 3000","timestamp":"2023-12-22T06:51:19.279Z"}
{"level":"debug","message":"Server is running on port 3000","timestamp":"2023-12-22T06:51:27.922Z"}
{"level":"debug","message":"Server is running on port 3000","timestamp":"2023-12-22T06:51:29.481Z"}
{"level":"debug","message":"Server is running on port 3000","timestamp":"2023-12-22T06:51:57.138Z"}
{"level":"debug","message":"Server is running on port 3000","timestamp":"2023-12-22T06:52:09.602Z"}
{"level":"debug","message":"Server is running on port 3000","timestamp":"2023-12-22T06:55:07.764Z"}
{"level":"debug","message":"Server is running on port 3000","timestamp":"2023-12-22T06:55:16.228Z"}
{"level":"debug","message":"Server is running on port 3000","timestamp":"2023-12-22T06:55:29.465Z"}
{"level":"debug","message":"Server is running on port 3000","timestamp":"2023-12-22T06:55:36.268Z"}
{"level":"debug","message":"Server is running on port 3000","timestamp":"2023-12-22T06:55:39.625Z"}
{"level":"debug","message":"Server is running on port 3000","timestamp":"2023-12-22T06:55:40.632Z"}
{"level":"debug","message":"Server is running on port 3000","timestamp":"2023-12-22T06:55:48.770Z"}
{"level":"debug","message":"Server is running on port 3000","timestamp":"2023-12-22T06:55:53.811Z"}
{"level":"debug","message":"Server is running on port 3000","timestamp":"2023-12-22T06:55:59.984Z"}
{"level":"debug","message":"Server is running on port 3000","timestamp":"2023-12-22T06:56:01.022Z"}
{"level":"debug","message":"Server is running on port 3000","timestamp":"2023-12-22T06:56:18.742Z"}
{"level":"debug","message":"Server is running on port 3000","timestamp":"2023-12-22T06:56:23.245Z"}
{"level":"debug","message":"Server is running on port 3000","timestamp":"2023-12-22T06:56:27.813Z"}
{"level":"debug","message":"Server is running on port 3000","timestamp":"2023-12-22T06:58:46.240Z"}
{"level":"debug","message":"Server is running on port 3000","timestamp":"2023-12-22T07:00:19.366Z"}
{"level":"debug","message":"Server is running on port 3000","timestamp":"2023-12-22T07:00:58.516Z"}
{"level":"debug","message":"Server is running on port 3000","timestamp":"2023-12-22T07:01:13.283Z"}
{"level":"debug","message":"Server is running on port 3000","timestamp":"2023-12-22T07:01:16.554Z"}
{"level":"debug","message":"Server is running on port 3000","timestamp":"2023-12-22T07:02:28.452Z"}
{"level":"debug","message":"Server is running on port 3000","timestamp":"2023-12-22T07:02:33.444Z"}
{"level":"debug","message":"Server is running on port 3000","timestamp":"2023-12-22T07:02:35.120Z"}
{"level":"debug","message":"Server is running on port 3000","timestamp":"2023-12-22T07:02:38.014Z"}
{"level":"debug","message":"Server is running on port 3000","timestamp":"2023-12-22T07:02:42.674Z"}
{"level":"debug","message":"Server is running on port 3000","timestamp":"2023-12-22T07:02:44.719Z"}
{"level":"debug","message":"Server is running on port 3000","timestamp":"2023-12-22T07:02:46.011Z"}
{"level":"debug","message":"Server is running on port 3000","timestamp":"2023-12-22T07:02:49.807Z"}
{"level":"debug","message":"Server is running on port 3000","timestamp":"2023-12-22T07:02:51.177Z"}
{"level":"debug","message":"Server is running on port 3000","timestamp":"2023-12-22T07:02:53.392Z"}
{"level":"debug","message":"Server is running on port 3000","timestamp":"2023-12-22T07:02:55.016Z"}
{"level":"debug","message":"Server is running on port 3000","timestamp":"2023-12-22T07:02:59.544Z"}
{"level":"debug","message":"Server is running on port 3000","timestamp":"2023-12-22T07:03:01.664Z"}
{"level":"debug","message":"Server is running on port 3000","timestamp":"2023-12-22T07:03:05.887Z"}
{"level":"debug","message":"Server is running on port 3000","timestamp":"2023-12-22T07:03:09.619Z"}
{"level":"debug","message":"Server is running on port 3000","timestamp":"2023-12-22T07:03:16.283Z"}
{"level":"debug","message":"Server is running on port 3000","timestamp":"2023-12-22T07:03:27.544Z"}
{"level":"debug","message":"Server is running on port 3000","timestamp":"2023-12-22T07:03:29.768Z"}
{"level":"debug","message":"Server is running on port 3000","timestamp":"2023-12-22T07:03:42.982Z"}
{"level":"debug","message":"Server is running on port 3000","timestamp":"2023-12-22T07:03:45.826Z"}
{"level":"debug","message":"Server is running on port 3000","timestamp":"2023-12-22T07:03:47.198Z"}
{"level":"debug","message":"Server is running on port 3000","timestamp":"2023-12-22T07:04:29.425Z"}
{"level":"debug","message":"Server is running on port 3000","timestamp":"2023-12-22T07:04:30.695Z"}
{"level":"debug","message":"Server is running on port 3000","timestamp":"2023-12-22T07:04:42.637Z"}
{"level":"debug","timestamp":"2023-12-22T07:04:52.917Z"}
{"level":"debug","message":"Server is running on port 3000","timestamp":"2023-12-22T07:05:58.916Z"}
{"level":"debug","timestamp":"2023-12-22T07:06:03.922Z"}
{"level":"debug","message":"Server is running on port 3000","timestamp":"2023-12-22T07:07:01.013Z"}
{"level":"debug","message":"Server is running on port 3000","timestamp":"2023-12-22T07:07:02.345Z"}
{"level":"debug","message":"Server is running on port 3000","timestamp":"2023-12-22T07:07:10.849Z"}
{"level":"debug","message":"Server is running on port 3000","timestamp":"2023-12-22T07:07:12.247Z"}
{"code":"ERR_HTTP_HEADERS_SENT","level":"debug","timestamp":"2023-12-22T07:07:15.526Z"}
{"level":"debug","message":"Server is running on port 3000","timestamp":"2023-12-22T07:53:34.682Z"}
{"level":"debug","message":"Server is running on port 3000","timestamp":"2023-12-22T07:53:40.298Z"}
{"level":"debug","message":"Server is running on port 3000","timestamp":"2023-12-22T07:53:43.221Z"}
{"level":"debug","message":"Server is running on port 3000","timestamp":"2023-12-22T07:53:44.344Z"}
{"level":"debug","message":"Server is running on port 3000","timestamp":"2023-12-22T07:53:49.704Z"}
{"level":"debug","message":"Server is running on port 3000","timestamp":"2023-12-22T07:53:54.309Z"}
{"level":"debug","message":"Server is running on port 3000","timestamp":"2023-12-22T07:53:56.629Z"}
{"level":"debug","message":"Server is running on port 3000","timestamp":"2023-12-22T07:53:58.190Z"}
{"level":"debug","message":"Server is running on port 3000","timestamp":"2023-12-22T07:53:59.512Z"}
{"level":"debug","message":"Server is running on port 3000","timestamp":"2023-12-22T07:54:03.267Z"}
{"level":"debug","message":"Server is running on port 3000","timestamp":"2023-12-22T07:54:05.231Z"}
{"level":"debug","message":"Server is running on port 3000","timestamp":"2023-12-22T07:54:06.518Z"}
{"level":"debug","message":"Server is running on port 3000","timestamp":"2023-12-22T07:54:08.570Z"}
{"level":"debug","message":"Server is running on port 3000","timestamp":"2023-12-22T07:54:10.031Z"}
{"level":"debug","message":"Server is running on port 3000","timestamp":"2023-12-22T07:54:11.662Z"}
{"level":"debug","message":"Server is running on port 3000","timestamp":"2023-12-22T07:54:13.281Z"}
{"level":"debug","message":"Server is running on port 3000","timestamp":"2023-12-22T07:56:00.484Z"}
{"level":"debug","message":"Server is running on port 3000","timestamp":"2023-12-22T07:56:02.507Z"}
{"level":"debug","message":"Server is running on port 3000","timestamp":"2023-12-22T07:56:07.237Z"}
{"level":"debug","message":"Server is running on port 3000","timestamp":"2023-12-22T07:56:57.947Z"}
{"level":"debug","message":"Server is running on port 3000","timestamp":"2023-12-22T07:57:01.025Z"}
{"level":"debug","message":"Server is running on port 3000","timestamp":"2023-12-22T07:57:03.100Z"}
{"level":"debug","message":"Server is running on port 3000","timestamp":"2023-12-22T07:57:04.658Z"}
{"level":"debug","message":"Server is running on port 3000","timestamp":"2023-12-22T07:57:07.378Z"}
{"level":"debug","message":"Server is running on port 3000","timestamp":"2023-12-22T07:57:32.023Z"}
{"level":"debug","message":"Server is running on port 3000","timestamp":"2023-12-22T07:57:33.067Z"}
{"level":"debug","message":"Server is running on port 3000","timestamp":"2023-12-22T07:57:34.864Z"}
{"level":"debug","message":"Server is running on port 3000","timestamp":"2023-12-22T07:57:43.848Z"}
{"level":"debug","message":"Server is running on port 3000","timestamp":"2023-12-22T07:57:57.744Z"}
{"level":"debug","message":"Server is running on port 3000","timestamp":"2023-12-22T07:58:38.952Z"}
{"level":"debug","message":"Server is running on port 3000","timestamp":"2023-12-22T08:00:36.333Z"}
{"level":"debug","message":"Server is running on port 3000","timestamp":"2023-12-22T08:02:55.874Z"}
{"level":"debug","message":"Server is running on port 3000","timestamp":"2023-12-22T08:02:56.824Z"}
{"level":"debug","message":"Server is running on port 3000","timestamp":"2023-12-22T08:41:54.971Z"}
{"level":"debug","message":"Server is running on port 3000","timestamp":"2023-12-22T08:43:16.538Z"}
{"level":"debug","message":"Server is running on port 3000","timestamp":"2023-12-22T08:43:21.347Z"}
{"level":"debug","message":"Server is running on port 3000","timestamp":"2023-12-22T08:43:33.654Z"}
{"level":"debug","message":"Server is running on port 3000","timestamp":"2023-12-22T08:43:35.252Z"}
{"level":"debug","message":"Server is running on port 3000","timestamp":"2023-12-22T08:43:37.901Z"}
{"level":"debug","message":"Server is running on port 3000","timestamp":"2023-12-22T08:43:39.777Z"}
{"level":"debug","message":"Server is running on port 3000","timestamp":"2023-12-22T08:43:40.977Z"}
{"level":"debug","message":"Server is running on port 3000","timestamp":"2023-12-22T08:43:43.592Z"}
{"level":"debug","message":"Server is running on port 3000","timestamp":"2023-12-22T08:43:47.006Z"}
{"level":"debug","message":"Server is running on port 3000","timestamp":"2023-12-22T08:43:56.361Z"}
{"level":"debug","message":"Server is running on port 3000","timestamp":"2023-12-22T08:43:58.014Z"}
{"level":"debug","message":"Server is running on port 3000","timestamp":"2023-12-22T08:44:04.078Z"}
{"level":"debug","message":"Server is running on port 3000","timestamp":"2023-12-22T08:44:05.351Z"}
{"level":"debug","message":"Server is running on port 3000","timestamp":"2023-12-22T08:44:49.180Z"}
{"level":"debug","message":"Server is running on port 3000","timestamp":"2023-12-22T08:46:07.039Z"}
{"level":"debug","message":"Server is running on port 3000","timestamp":"2023-12-22T08:46:43.726Z"}
{"level":"debug","message":"Server is running on port 3000","timestamp":"2023-12-22T08:56:48.630Z"}
{"level":"debug","message":"Server is running on port 3000","timestamp":"2023-12-22T08:57:40.446Z"}
{"level":"debug","message":"Server is running on port 3000","timestamp":"2023-12-22T08:57:51.082Z"}
{"level":"debug","message":"Server is running on port 3000","timestamp":"2023-12-22T08:58:30.265Z"}
{"level":"debug","message":"Server is running on port 3000","timestamp":"2023-12-22T08:58:38.507Z"}
{"level":"debug","message":"Server is running on port 3000","timestamp":"2023-12-22T08:58:39.841Z"}
{"level":"debug","message":"Server is running on port 3000","timestamp":"2023-12-22T08:58:40.930Z"}
{"level":"debug","message":"Server is running on port 3000","timestamp":"2023-12-22T08:58:43.850Z"}
{"level":"debug","message":"Server is running on port 3000","timestamp":"2023-12-22T08:58:48.556Z"}
{"level":"debug","message":"Server is running on port 3000","timestamp":"2023-12-22T08:59:39.623Z"}
{"level":"debug","message":"Server is running on port 3000","timestamp":"2023-12-22T08:59:43.470Z"}
{"level":"debug","message":"Server is running on port 3000","timestamp":"2023-12-22T08:59:47.733Z"}
{"level":"debug","message":"Server is running on port 3000","timestamp":"2023-12-22T08:59:50.139Z"}
{"level":"debug","message":"Server is running on port 3000","timestamp":"2023-12-22T08:59:52.169Z"}
{"level":"debug","message":"Server is running on port 3000","timestamp":"2023-12-22T08:59:53.433Z"}
{"level":"debug","message":"Server is running on port 3000","timestamp":"2023-12-22T08:59:55.468Z"}
{"level":"debug","message":"Server is running on port 3000","timestamp":"2023-12-22T08:59:57.582Z"}
{"level":"debug","message":"Server is running on port 3000","timestamp":"2023-12-22T09:00:01.694Z"}
{"level":"debug","message":"Server is running on port 3000","timestamp":"2023-12-22T09:00:02.807Z"}
{"level":"debug","message":"Server is running on port 3000","timestamp":"2023-12-22T09:00:06.500Z"}
{"level":"debug","message":"Server is running on port 3000","timestamp":"2023-12-22T09:00:11.212Z"}
{"level":"debug","message":"Server is running on port 3000","timestamp":"2023-12-22T09:00:14.218Z"}
{"level":"debug","message":"Server is running on port 3000","timestamp":"2023-12-22T09:00:23.106Z"}
{"level":"debug","message":"Server is running on port 3000","timestamp":"2023-12-22T09:00:24.305Z"}
{"level":"debug","message":"Server is running on port 3000","timestamp":"2023-12-22T09:00:30.687Z"}
{"level":"debug","message":"object","timestamp":"2023-12-22T09:00:41.638Z"}
{"level":"debug","message":"Server is running on port 3000","timestamp":"2023-12-22T09:02:59.429Z"}
{"level":"debug","message":"Server is running on port 3000","timestamp":"2023-12-22T09:15:56.768Z"}
{"level":"debug","message":"Server is running on port 3000","timestamp":"2023-12-22T09:25:26.486Z"}
{"level":"debug","message":"Server is running on port 3000","timestamp":"2023-12-22T09:27:47.427Z"}
{"level":"debug","message":"Server is running on port 3000","timestamp":"2023-12-22T09:33:11.912Z"}
{"level":"debug","message":"Server is running on port 3000","timestamp":"2023-12-22T09:33:15.092Z"}
{"level":"debug","message":"Server is running on port 3000","timestamp":"2023-12-22T09:33:17.213Z"}
{"level":"debug","message":"Server is running on port 3000","timestamp":"2023-12-22T09:33:19.065Z"}
{"level":"debug","message":"Server is running on port 3000","timestamp":"2023-12-22T09:33:20.782Z"}
{"level":"debug","message":"Server is running on port 3000","timestamp":"2023-12-22T09:33:23.266Z"}
{"level":"debug","message":"Server is running on port 3000","timestamp":"2023-12-22T09:33:25.625Z"}
{"level":"debug","message":"Server is running on port 3000","timestamp":"2023-12-22T09:33:34.535Z"}
{"level":"debug","message":"Server is running on port 3000","timestamp":"2023-12-22T09:33:36.737Z"}
{"level":"debug","message":"Server is running on port 3000","timestamp":"2023-12-22T09:33:39.352Z"}
{"level":"debug","message":"Server is running on port 3000","timestamp":"2023-12-22T09:33:41.067Z"}
{"level":"debug","message":"Server is running on port 3000","timestamp":"2023-12-22T09:33:43.072Z"}
{"level":"debug","message":"Server is running on port 3000","timestamp":"2023-12-22T09:34:13.517Z"}
{"level":"debug","message":"Server is running on port 3000","timestamp":"2023-12-22T09:34:42.700Z"}
{"level":"debug","message":"Server is running on port 3000","timestamp":"2023-12-22T09:34:48.324Z"}
{"level":"debug","message":"Server is running on port 3000","timestamp":"2023-12-22T09:34:58.345Z"}
{"level":"debug","message":"Server is running on port 3000","timestamp":"2023-12-22T09:34:59.995Z"}
{"level":"debug","message":"Server is running on port 3000","timestamp":"2023-12-22T09:35:02.176Z"}
{"level":"debug","message":"Server is running on port 3000","timestamp":"2023-12-22T09:35:06.610Z"}
{"level":"debug","message":"Server is running on port 3000","timestamp":"2023-12-22T09:35:08.338Z"}
{"level":"debug","message":"Server is running on port 3000","timestamp":"2023-12-22T09:35:12.498Z"}
{"level":"debug","message":"Server is running on port 3000","timestamp":"2023-12-22T09:35:30.763Z"}
{"level":"debug","message":"Server is running on port 3000","timestamp":"2023-12-22T09:35:50.145Z"}
{"level":"debug","message":"Server is running on port 3000","timestamp":"2023-12-22T09:36:02.859Z"}
{"level":"debug","message":"Server is running on port 3000","timestamp":"2023-12-22T09:36:04.725Z"}
{"level":"debug","message":"Server is running on port 3000","timestamp":"2023-12-22T09:36:08.343Z"}
{"level":"debug","message":"Server is running on port 3000","timestamp":"2023-12-22T09:36:14.783Z"}
{"level":"debug","message":"Server is running on port 3000","timestamp":"2023-12-22T09:36:21.221Z"}
{"level":"debug","message":"Server is running on port 3000","timestamp":"2023-12-22T09:36:22.542Z"}
{"level":"debug","message":"Server is running on port 3000","timestamp":"2023-12-22T09:36:29.307Z"}
{"level":"debug","message":"Server is running on port 3000","timestamp":"2023-12-22T09:36:39.398Z"}
{"level":"debug","message":"Server is running on port 3000","timestamp":"2023-12-22T09:36:41.268Z"}
{"level":"debug","message":"Server is running on port 3000","timestamp":"2023-12-22T09:36:43.061Z"}
{"level":"debug","message":"Server is running on port 3000","timestamp":"2023-12-22T09:36:46.469Z"}
{"level":"debug","message":"Server is running on port 3000","timestamp":"2023-12-22T09:36:48.183Z"}
{"level":"debug","message":"Server is running on port 3000","timestamp":"2023-12-22T09:36:49.355Z"}
{"level":"debug","message":"Server is running on port 3000","timestamp":"2023-12-22T09:36:58.404Z"}
{"level":"debug","message":"Server is running on port 3000","timestamp":"2023-12-22T09:36:59.882Z"}
{"level":"debug","message":"Server is running on port 3000","timestamp":"2023-12-22T09:37:00.818Z"}
{"level":"debug","message":"Server is running on port 3000","timestamp":"2023-12-22T09:37:09.924Z"}
{"level":"debug","message":"Server is running on port 3000","timestamp":"2023-12-22T09:37:11.560Z"}
{"level":"debug","message":"Server is running on port 3000","timestamp":"2023-12-22T09:37:18.527Z"}
{"level":"debug","message":"Server is running on port 3000","timestamp":"2023-12-22T09:42:07.534Z"}
{"level":"debug","message":"Server is running on port 3000","timestamp":"2023-12-22T09:42:09.477Z"}
{"level":"debug","message":"Server is running on port 3000","timestamp":"2023-12-22T09:42:12.340Z"}
{"level":"debug","message":"Server is running on port 3000","timestamp":"2023-12-22T09:42:14.092Z"}
{"level":"debug","message":"Server is running on port 3000","timestamp":"2023-12-22T09:42:15.751Z"}
{"level":"debug","message":"Server is running on port 3000","timestamp":"2023-12-22T09:42:18.535Z"}
{"level":"debug","message":"Server is running on port 3000","timestamp":"2023-12-22T09:42:19.782Z"}
{"level":"debug","message":"Server is running on port 3000","timestamp":"2023-12-22T09:42:22.367Z"}
{"level":"debug","message":"Server is running on port 3000","timestamp":"2023-12-22T09:42:24.053Z"}
{"level":"debug","message":"Server is running on port 3000","timestamp":"2023-12-22T09:42:28.380Z"}
{"level":"debug","message":"Server is running on port 3000","timestamp":"2023-12-22T09:42:33.180Z"}
{"level":"debug","message":"Server is running on port 3000","timestamp":"2023-12-22T09:42:37.001Z"}
{"level":"debug","message":"Server is running on port 3000","timestamp":"2023-12-22T09:43:06.613Z"}
{"level":"debug","message":"Server is running on port 3000","timestamp":"2023-12-22T09:43:10.054Z"}
{"level":"debug","message":"Server is running on port 3000","timestamp":"2023-12-22T09:43:44.502Z"}
{"level":"debug","message":"Server is running on port 3000","timestamp":"2023-12-22T09:43:54.552Z"}
{"level":"debug","message":"Server is running on port 3000","timestamp":"2023-12-22T09:43:57.316Z"}
{"level":"debug","message":"Server is running on port 3000","timestamp":"2023-12-22T09:44:00.094Z"}
{"level":"debug","message":"Server is running on port 3000","timestamp":"2023-12-22T09:44:02.287Z"}
{"level":"debug","message":"Server is running on port 3000","timestamp":"2023-12-22T09:44:05.381Z"}
{"level":"debug","message":"Server is running on port 3000","timestamp":"2023-12-22T09:44:09.634Z"}
{"level":"debug","message":"Server is running on port 3000","timestamp":"2023-12-22T09:44:30.327Z"}
{"level":"debug","message":"Server is running on port 3000","timestamp":"2023-12-22T09:44:32.914Z"}
{"level":"debug","message":"Server is running on port 3000","timestamp":"2023-12-22T09:44:42.714Z"}
{"level":"debug","message":"Server is running on port 3000","timestamp":"2023-12-22T09:44:45.047Z"}
{"level":"debug","message":"Server is running on port 3000","timestamp":"2023-12-22T09:44:55.008Z"}
{"level":"debug","message":"Server is running on port 3000","timestamp":"2023-12-22T09:45:00.006Z"}
{"level":"debug","message":"Server is running on port 3000","timestamp":"2023-12-22T09:45:03.833Z"}
{"level":"debug","message":"Server is running on port 3000","timestamp":"2023-12-22T09:45:06.205Z"}
{"level":"debug","message":"Server is running on port 3000","timestamp":"2023-12-22T09:45:16.070Z"}
{"level":"debug","message":"Server is running on port 3000","timestamp":"2023-12-22T09:45:27.326Z"}
{"level":"debug","message":"Server is running on port 3000","timestamp":"2023-12-22T09:45:32.826Z"}
{"level":"debug","message":"Server is running on port 3000","timestamp":"2023-12-22T09:45:35.547Z"}
{"level":"debug","message":"Server is running on port 3000","timestamp":"2023-12-22T09:45:42.001Z"}
{"level":"debug","message":"Server is running on port 3000","timestamp":"2023-12-22T09:45:43.378Z"}
{"level":"debug","message":"Server is running on port 3000","timestamp":"2023-12-22T09:45:45.532Z"}
{"level":"debug","message":"Server is running on port 3000","timestamp":"2023-12-22T09:45:51.707Z"}
{"level":"debug","message":"Server is running on port 3000","timestamp":"2023-12-22T09:45:58.521Z"}
{"level":"debug","message":"Server is running on port 3000","timestamp":"2023-12-22T09:45:59.975Z"}
{"level":"debug","message":"Server is running on port 3000","timestamp":"2023-12-22T09:46:02.022Z"}
{"level":"debug","message":"Server is running on port 3000","timestamp":"2023-12-22T09:46:04.757Z"}
{"level":"debug","message":"Server is running on port 3000","timestamp":"2023-12-22T09:46:08.238Z"}
{"level":"debug","message":"Server is running on port 3000","timestamp":"2023-12-22T09:46:09.972Z"}
{"level":"debug","message":"Server is running on port 3000","timestamp":"2023-12-22T09:46:12.341Z"}
{"level":"debug","message":"Server is running on port 3000","timestamp":"2023-12-22T09:46:19.104Z"}
{"level":"debug","message":"Server is running on port 3000","timestamp":"2023-12-22T09:46:23.287Z"}
{"level":"debug","message":"Server is running on port 3000","timestamp":"2023-12-22T09:46:40.359Z"}
{"level":"debug","message":"Server is running on port 3000","timestamp":"2023-12-22T09:46:41.872Z"}
{"level":"debug","message":"Server is running on port 3000","timestamp":"2023-12-22T09:46:49.145Z"}
{"level":"debug","message":"Server is running on port 3000","timestamp":"2023-12-22T09:46:51.707Z"}
{"level":"debug","message":"Server is running on port 3000","timestamp":"2023-12-22T09:46:53.051Z"}
{"level":"debug","message":"Server is running on port 3000","timestamp":"2023-12-22T09:47:24.247Z"}
{"level":"debug","message":"Server is running on port 3000","timestamp":"2023-12-22T09:47:25.680Z"}
{"level":"debug","message":"Server is running on port 3000","timestamp":"2023-12-22T09:48:15.834Z"}
{"level":"debug","message":"Server is running on port 3000","timestamp":"2023-12-22T09:48:17.610Z"}
{"level":"debug","message":"Server is running on port 3000","timestamp":"2023-12-22T09:48:18.984Z"}
{"level":"debug","message":"Server is running on port 3000","timestamp":"2023-12-22T09:48:22.827Z"}
{"level":"debug","message":"Server is running on port 3000","timestamp":"2023-12-22T09:48:33.618Z"}
{"level":"debug","message":"Server is running on port 3000","timestamp":"2023-12-22T09:48:34.962Z"}
{"level":"debug","message":"Server is running on port 3000","timestamp":"2023-12-22T09:50:14.294Z"}
{"level":"debug","message":"Server is running on port 3000","timestamp":"2023-12-22T09:50:19.321Z"}
{"level":"debug","message":"Server is running on port 3000","timestamp":"2023-12-22T09:50:22.297Z"}
{"level":"debug","message":"Server is running on port 3000","timestamp":"2023-12-22T09:50:23.340Z"}
{"level":"debug","message":"Server is running on port 3000","timestamp":"2023-12-22T09:50:26.015Z"}
{"level":"debug","message":"Server is running on port 3000","timestamp":"2023-12-22T09:50:28.478Z"}
{"level":"debug","message":"Server is running on port 3000","timestamp":"2023-12-22T09:50:31.102Z"}
{"level":"debug","message":"Server is running on port 3000","timestamp":"2023-12-22T09:50:40.821Z"}
{"level":"debug","message":"Server is running on port 3000","timestamp":"2023-12-22T09:50:42.103Z"}
{"level":"debug","message":"Server is running on port 3000","timestamp":"2023-12-22T09:50:45.258Z"}
{"level":"debug","message":"Server is running on port 3000","timestamp":"2023-12-22T09:50:52.728Z"}
{"level":"debug","message":"Server is running on port 3000","timestamp":"2023-12-22T09:50:54.367Z"}
{"level":"debug","message":"Server is running on port 3000","timestamp":"2023-12-22T09:50:55.974Z"}
{"level":"debug","message":"Server is running on port 3000","timestamp":"2023-12-22T09:50:57.424Z"}
{"level":"debug","message":"Server is running on port 3000","timestamp":"2023-12-22T09:51:00.277Z"}
{"level":"debug","message":"Server is running on port 3000","timestamp":"2023-12-22T09:51:13.570Z"}
{"level":"debug","message":"Server is running on port 3000","timestamp":"2023-12-22T09:51:16.112Z"}
{"level":"debug","message":"Server is running on port 3000","timestamp":"2023-12-22T09:51:20.657Z"}
{"level":"debug","message":"Server is running on port 3000","timestamp":"2023-12-22T09:51:28.535Z"}
{"level":"debug","message":"Server is running on port 3000","timestamp":"2023-12-22T10:29:41.090Z"}
{"level":"debug","message":"Server is running on port 3000","timestamp":"2023-12-22T10:29:43.590Z"}
{"level":"debug","message":"Server is running on port 3000","timestamp":"2023-12-22T10:29:50.845Z"}
{"level":"debug","message":"Server is running on port 3000","timestamp":"2023-12-22T10:29:52.508Z"}
{"level":"debug","message":"Server is running on port 3000","timestamp":"2023-12-22T10:29:59.716Z"}
{"level":"debug","message":"Server is running on port 3000","timestamp":"2023-12-22T10:30:06.279Z"}
{"level":"debug","message":"Server is running on port 3000","timestamp":"2023-12-22T10:30:08.723Z"}
{"level":"debug","message":"Server is running on port 3000","timestamp":"2023-12-22T10:30:10.517Z"}
{"level":"debug","message":"Server is running on port 3000","timestamp":"2023-12-22T10:30:14.697Z"}
{"level":"debug","message":"Server is running on port 3000","timestamp":"2023-12-22T10:30:17.594Z"}
{"level":"debug","message":"Server is running on port 3000","timestamp":"2023-12-22T10:30:18.886Z"}
{"level":"debug","message":"Server is running on port 3000","timestamp":"2023-12-22T10:30:20.611Z"}
{"level":"debug","message":"Server is running on port 3000","timestamp":"2023-12-22T10:30:29.743Z"}
{"level":"debug","message":"Server is running on port 3000","timestamp":"2023-12-22T10:30:56.069Z"}
{"level":"debug","message":"Server is running on port 3000","timestamp":"2023-12-22T10:31:01.102Z"}
{"level":"debug","message":"Server is running on port 3000","timestamp":"2023-12-22T10:31:05.169Z"}
{"level":"debug","message":"Server is running on port 3000","timestamp":"2023-12-22T10:31:06.507Z"}
{"level":"debug","message":"Server is running on port 3000","timestamp":"2023-12-22T10:31:09.246Z"}
{"level":"debug","message":"Server is running on port 3000","timestamp":"2023-12-22T10:31:11.851Z"}
{"level":"debug","message":"Server is running on port 3000","timestamp":"2023-12-22T10:31:16.931Z"}
{"level":"debug","message":"Server is running on port 3000","timestamp":"2023-12-22T10:31:19.559Z"}
{"level":"debug","message":"Server is running on port 3000","timestamp":"2023-12-22T10:31:26.074Z"}
{"level":"debug","message":"Server is running on port 3000","timestamp":"2023-12-22T10:31:28.177Z"}
{"level":"debug","message":"Server is running on port 3000","timestamp":"2023-12-22T10:31:30.297Z"}
{"level":"debug","message":"Server is running on port 3000","timestamp":"2023-12-22T10:31:32.703Z"}
{"level":"debug","message":"Server is running on port 3000","timestamp":"2023-12-22T10:31:45.853Z"}
{"level":"debug","message":"Server is running on port 3000","timestamp":"2023-12-22T10:31:48.188Z"}
{"level":"debug","message":"Server is running on port 3000","timestamp":"2023-12-22T10:32:02.750Z"}
{"level":"debug","message":"Server is running on port 3000","timestamp":"2023-12-22T10:32:05.087Z"}
{"level":"debug","message":"Server is running on port 3000","timestamp":"2023-12-22T10:32:06.887Z"}
{"level":"debug","message":"Server is running on port 3000","timestamp":"2023-12-22T10:33:27.876Z"}
{"level":"debug","message":"Server is running on port 3000","timestamp":"2023-12-22T10:33:49.156Z"}
{"level":"debug","message":"Server is running on port 3000","timestamp":"2023-12-22T10:34:03.427Z"}
{"level":"debug","message":"Server is running on port 3000","timestamp":"2023-12-22T10:34:11.860Z"}
{"level":"debug","message":"Server is running on port 3000","timestamp":"2023-12-22T10:34:21.117Z"}
{"level":"debug","message":"Server is running on port 3000","timestamp":"2023-12-22T10:35:06.315Z"}
{"level":"debug","message":"Server is running on port 3000","timestamp":"2023-12-22T10:36:59.519Z"}
{"level":"debug","message":"Server is running on port 3000","timestamp":"2023-12-22T10:37:15.297Z"}
{"level":"debug","message":"Server is running on port 3000","timestamp":"2023-12-22T10:37:17.822Z"}
{"level":"debug","message":"Server is running on port 3000","timestamp":"2023-12-22T10:37:51.001Z"}
{"level":"debug","message":"Server is running on port 3000","timestamp":"2023-12-22T10:37:52.831Z"}
{"level":"debug","message":"Server is running on port 3000","timestamp":"2023-12-22T10:38:01.185Z"}
{"level":"debug","message":"Server is running on port 3000","timestamp":"2023-12-22T10:38:04.915Z"}
{"level":"debug","message":"Server is running on port 3000","timestamp":"2023-12-22T10:38:06.571Z"}
{"level":"debug","message":"Server is running on port 3000","timestamp":"2023-12-22T10:38:08.058Z"}
{"level":"debug","message":"Server is running on port 3000","timestamp":"2023-12-22T10:38:10.691Z"}
{"level":"debug","message":"Server is running on port 3000","timestamp":"2023-12-22T10:38:12.415Z"}
{"level":"debug","message":"Server is running on port 3000","timestamp":"2023-12-22T10:38:14.144Z"}
{"level":"debug","message":"Server is running on port 3000","timestamp":"2023-12-22T10:38:15.387Z"}
{"level":"debug","message":"Server is running on port 3000","timestamp":"2023-12-22T10:38:16.973Z"}
{"level":"debug","message":"Server is running on port 3000","timestamp":"2023-12-22T10:38:23.976Z"}
{"level":"debug","message":"Server is running on port 3000","timestamp":"2023-12-22T10:38:29.359Z"}
{"level":"debug","message":"Server is running on port 3000","timestamp":"2023-12-22T10:38:30.573Z"}
{"level":"debug","message":"Server is running on port 3000","timestamp":"2023-12-22T10:38:35.353Z"}
{"level":"debug","message":"Server is running on port 3000","timestamp":"2023-12-22T10:38:40.039Z"}
{"level":"debug","message":"Server is running on port 3000","timestamp":"2023-12-22T10:38:41.537Z"}
{"level":"debug","message":"Server is running on port 3000","timestamp":"2023-12-22T10:38:45.866Z"}
{"level":"debug","message":"Server is running on port 3000","timestamp":"2023-12-22T10:38:47.217Z"}
{"level":"debug","message":"Server is running on port 3000","timestamp":"2023-12-22T10:38:48.952Z"}
{"level":"debug","message":"Server is running on port 3000","timestamp":"2023-12-22T10:49:14.556Z"}
{"level":"debug","message":"Server is running on port 3000","timestamp":"2023-12-22T10:49:16.945Z"}
{"level":"debug","message":"Server is running on port 3000","timestamp":"2023-12-22T10:49:27.891Z"}
{"level":"debug","message":"Server is running on port 3000","timestamp":"2023-12-22T10:49:30.276Z"}
{"level":"debug","message":"Server is running on port 3000","timestamp":"2023-12-22T10:49:31.983Z"}
{"level":"debug","message":"Server is running on port 3000","timestamp":"2023-12-22T10:49:36.530Z"}
{"level":"debug","message":"Server is running on port 3000","timestamp":"2023-12-22T10:49:47.524Z"}
{"level":"debug","message":"Server is running on port 3000","timestamp":"2023-12-22T10:49:55.142Z"}
{"level":"debug","message":"Server is running on port 3000","timestamp":"2023-12-22T10:49:59.823Z"}
{"level":"debug","message":"Server is running on port 3000","timestamp":"2023-12-22T10:50:02.117Z"}
{"level":"debug","message":"Server is running on port 3000","timestamp":"2023-12-22T10:50:03.768Z"}
{"level":"debug","message":"Server is running on port 3000","timestamp":"2023-12-22T10:50:08.126Z"}
{"level":"debug","message":"Server is running on port 3000","timestamp":"2023-12-22T10:50:13.415Z"}
{"level":"debug","message":"Server is running on port 3000","timestamp":"2023-12-22T10:50:15.991Z"}
{"level":"debug","message":"Server is running on port 3000","timestamp":"2023-12-22T10:50:18.157Z"}
{"level":"debug","message":"Server is running on port 3000","timestamp":"2023-12-22T10:50:19.361Z"}
{"level":"debug","message":"Server is running on port 3000","timestamp":"2023-12-22T10:50:24.170Z"}
{"level":"debug","message":"Server is running on port 3000","timestamp":"2023-12-22T10:50:25.222Z"}
{"level":"debug","message":"Server is running on port 3000","timestamp":"2023-12-22T10:50:36.110Z"}
{"level":"debug","message":"Server is running on port 3000","timestamp":"2023-12-22T10:50:49.485Z"}
{"level":"debug","message":"Server is running on port 3000","timestamp":"2023-12-22T10:50:56.314Z"}
{"level":"debug","message":"Server is running on port 3000","timestamp":"2023-12-22T10:51:06.759Z"}
{"level":"debug","message":"Server is running on port 3000","timestamp":"2023-12-22T10:51:09.571Z"}
{"level":"debug","message":"Server is running on port 3000","timestamp":"2023-12-22T10:51:12.262Z"}
{"level":"debug","message":"Server is running on port 3000","timestamp":"2023-12-22T10:51:15.629Z"}
{"level":"debug","message":"Server is running on port 3000","timestamp":"2023-12-22T10:56:48.651Z"}
{"level":"debug","message":"Server is running on port 3000","timestamp":"2023-12-22T11:58:37.289Z"}
{"level":"debug","message":"Server is running on port 3000","timestamp":"2023-12-22T11:58:41.068Z"}
{"level":"debug","message":"Server is running on port 3000","timestamp":"2023-12-22T11:59:05.712Z"}
{"level":"debug","message":"Server is running on port 3000","timestamp":"2023-12-22T11:59:13.312Z"}
{"level":"debug","message":"Server is running on port 3000","timestamp":"2023-12-22T11:59:19.143Z"}
{"level":"debug","message":"Server is running on port 3000","timestamp":"2023-12-22T11:59:20.797Z"}
{"level":"debug","message":"Server is running on port 3000","timestamp":"2023-12-22T11:59:29.227Z"}
{"level":"debug","message":"Server is running on port 3000","timestamp":"2023-12-22T11:59:30.525Z"}
{"level":"debug","message":"Server is running on port 3000","timestamp":"2023-12-22T12:00:48.072Z"}
{"level":"debug","message":"Server is running on port 3000","timestamp":"2023-12-22T12:00:56.065Z"}
{"level":"debug","message":"Server is running on port 3000","timestamp":"2023-12-22T12:04:39.868Z"}
{"level":"debug","message":"Server is running on port 3000","timestamp":"2023-12-22T12:04:54.923Z"}
{"level":"debug","message":"Server is running on port 3000","timestamp":"2023-12-22T12:04:57.341Z"}
{"level":"debug","message":"Server is running on port 3000","timestamp":"2023-12-22T12:05:07.210Z"}
{"level":"debug","message":"Server is running on port 3000","timestamp":"2023-12-22T12:05:10.825Z"}
{"level":"debug","message":"Server is running on port 3000","timestamp":"2023-12-22T12:05:22.333Z"}
{"level":"debug","message":"Server is running on port 3000","timestamp":"2023-12-22T12:05:27.104Z"}
{"level":"debug","message":"Server is running on port 3000","timestamp":"2023-12-22T12:05:28.289Z"}
{"level":"debug","message":"Server is running on port 3000","timestamp":"2023-12-22T12:07:15.724Z"}
{"level":"debug","message":"Server is running on port 3000","timestamp":"2023-12-22T12:07:20.148Z"}
{"level":"debug","message":"Server is running on port 3000","timestamp":"2023-12-22T12:07:46.718Z"}
{"level":"debug","message":"Server is running on port 3000","timestamp":"2023-12-22T12:07:52.317Z"}
{"level":"debug","message":"Server is running on port 3000","timestamp":"2023-12-22T12:07:54.622Z"}
{"level":"debug","message":"Server is running on port 3000","timestamp":"2023-12-22T12:07:56.544Z"}
{"level":"debug","message":"Server is running on port 3000","timestamp":"2023-12-22T12:07:58.338Z"}
{"level":"debug","message":"Server is running on port 3000","timestamp":"2023-12-22T12:07:59.581Z"}
{"level":"debug","message":"Server is running on port 3000","timestamp":"2023-12-22T12:08:02.673Z"}
{"level":"debug","message":"Server is running on port 3000","timestamp":"2023-12-22T12:08:05.021Z"}
{"level":"debug","message":"Server is running on port 3000","timestamp":"2023-12-22T12:21:28.952Z"}
{"level":"debug","message":"Server is running on port 3000","timestamp":"2023-12-22T12:23:51.868Z"}
{"level":"debug","message":"Server is running on port 3000","timestamp":"2023-12-22T12:24:43.656Z"}
{"level":"debug","message":"Server is running on port 3000","timestamp":"2023-12-22T12:24:51.886Z"}
{"level":"debug","message":"Server is running on port 3000","timestamp":"2023-12-22T12:25:20.636Z"}
{"level":"debug","message":"Server is running on port 3000","timestamp":"2023-12-22T12:32:59.104Z"}
{"level":"debug","message":"Server is running on port 3000","timestamp":"2023-12-22T12:33:02.586Z"}
{"level":"debug","message":"Server is running on port 3000","timestamp":"2023-12-22T12:33:43.280Z"}
{"level":"debug","message":"Server is running on port 3000","timestamp":"2023-12-22T12:33:59.866Z"}
{"level":"debug","message":"Server is running on port 3000","timestamp":"2023-12-22T12:34:11.803Z"}
{"level":"debug","message":"Server is running on port 3000","timestamp":"2023-12-22T12:34:52.947Z"}
{"level":"debug","message":"Server is running on port 3000","timestamp":"2023-12-22T12:38:03.259Z"}
{"level":"debug","message":"Server is running on port 3000","timestamp":"2023-12-22T12:38:10.672Z"}
{"level":"debug","message":"Server is running on port 3000","timestamp":"2023-12-22T12:38:19.546Z"}
{"level":"debug","message":"Server is running on port 3000","timestamp":"2023-12-22T12:38:47.644Z"}
{"level":"debug","message":"Server is running on port 3000","timestamp":"2023-12-22T12:38:51.700Z"}
{"level":"debug","message":"Server is running on port 3000","timestamp":"2023-12-22T12:39:45.022Z"}
{"level":"debug","message":"Server is running on port 3000","timestamp":"2023-12-22T12:40:56.973Z"}
{"level":"debug","message":"Server is running on port 3000","timestamp":"2023-12-22T12:59:58.166Z"}
{"level":"debug","message":"Server is running on port 3000","timestamp":"2023-12-22T13:00:05.297Z"}
{"level":"debug","message":"Server is running on port 3000","timestamp":"2023-12-22T13:00:34.234Z"}
{"level":"debug","message":"Server is running on port 3000","timestamp":"2023-12-22T13:00:36.387Z"}
{"level":"debug","message":"Server is running on port 3000","timestamp":"2023-12-22T13:02:03.622Z"}
{"level":"debug","message":"Server is running on port 3000","timestamp":"2023-12-22T13:02:07.696Z"}
{"level":"debug","message":"Server is running on port 3000","timestamp":"2023-12-22T13:02:40.910Z"}
{"level":"debug","message":"Server is running on port 3000","timestamp":"2023-12-22T13:03:07.290Z"}
{"level":"debug","message":"Server is running on port 3000","timestamp":"2023-12-22T13:03:08.493Z"}
{"level":"debug","message":"Server is running on port 3000","timestamp":"2023-12-22T13:04:03.272Z"}
{"level":"debug","message":"Server is running on port 3000","timestamp":"2023-12-22T13:16:12.164Z"}
{"level":"debug","message":"Server is running on port 3000 \n","timestamp":"2023-12-22T13:16:47.026Z"}
{"level":"debug","message":"Server is running on port 3000 \n","timestamp":"2023-12-22T13:26:34.131Z"}
{"level":"debug","message":"Server is running on port 3000 \n","timestamp":"2023-12-22T13:29:09.249Z"}
{"code":"ERR_HTTP_HEADERS_SENT","level":"debug","timestamp":"2023-12-22T13:29:09.305Z"}
{"code":"ERR_HTTP_HEADERS_SENT","level":"debug","timestamp":"2023-12-22T13:29:09.320Z"}
{"level":"debug","message":"Server is running on port 3000 \n","timestamp":"2023-12-22T13:30:15.971Z"}
{"code":"ERR_HTTP_HEADERS_SENT","level":"debug","timestamp":"2023-12-22T13:30:16.011Z"}
{"code":"ERR_HTTP_HEADERS_SENT","level":"debug","timestamp":"2023-12-22T13:30:16.031Z"}
{"level":"debug","message":"Server is running on port 3000 \n","timestamp":"2023-12-22T13:35:15.879Z"}
{"code":"ERR_HTTP_HEADERS_SENT","level":"debug","timestamp":"2023-12-22T13:35:15.950Z"}
{"level":"debug","message":"Server is running on port 3000 \n","timestamp":"2023-12-22T13:37:23.237Z"}
{"code":"ERR_HTTP_HEADERS_SENT","level":"debug","timestamp":"2023-12-22T13:37:23.302Z"}
{"level":"debug","message":"Server is running on port 3000 \n","timestamp":"2023-12-22T13:43:06.456Z"}
{"code":"ERR_HTTP_HEADERS_SENT","level":"debug","timestamp":"2023-12-22T13:43:06.528Z"}
{"code":"ERR_HTTP_HEADERS_SENT","level":"debug","timestamp":"2023-12-22T13:43:06.548Z"}
{"level":"debug","message":"Server is running on port 3000 \n","timestamp":"2023-12-22T14:06:29.226Z"}
{"code":"ERR_HTTP_HEADERS_SENT","level":"debug","timestamp":"2023-12-22T14:06:29.301Z"}
{"code":"ERR_HTTP_HEADERS_SENT","level":"debug","timestamp":"2023-12-22T14:06:29.343Z"}
{"level":"debug","message":"Server is running on port 3000 \n","timestamp":"2023-12-22T14:06:58.930Z"}
{"code":"ERR_HTTP_HEADERS_SENT","level":"debug","timestamp":"2023-12-22T14:06:59.001Z"}
{"code":"ERR_HTTP_HEADERS_SENT","level":"debug","timestamp":"2023-12-22T14:06:59.016Z"}
{"level":"debug","message":"Server is running on port 3000 \n","timestamp":"2023-12-22T14:09:43.863Z"}
{"code":"ERR_HTTP_HEADERS_SENT","level":"debug","timestamp":"2023-12-22T14:09:43.943Z"}
{"code":"ERR_HTTP_HEADERS_SENT","level":"debug","timestamp":"2023-12-22T14:09:43.955Z"}
{"level":"debug","message":"Server is running on port 3000 \n","timestamp":"2023-12-22T14:11:08.176Z"}
{"code":"ERR_HTTP_HEADERS_SENT","level":"debug","timestamp":"2023-12-22T14:11:08.243Z"}
{"code":"ERR_HTTP_HEADERS_SENT","level":"debug","timestamp":"2023-12-22T14:11:08.257Z"}
{"level":"debug","message":"Server is running on port 3000 \n","timestamp":"2023-12-22T14:12:38.000Z"}
{"code":"ERR_HTTP_HEADERS_SENT","level":"debug","timestamp":"2023-12-22T14:12:38.077Z"}
{"code":"ERR_HTTP_HEADERS_SENT","level":"debug","timestamp":"2023-12-22T14:12:38.096Z"}
{"level":"debug","message":"Server is running on port 3000 \n","timestamp":"2023-12-22T14:13:23.592Z"}
{"code":"ERR_HTTP_HEADERS_SENT","level":"debug","timestamp":"2023-12-22T14:13:23.666Z"}
{"code":"ERR_HTTP_HEADERS_SENT","level":"debug","timestamp":"2023-12-22T14:13:23.679Z"}
{"level":"debug","message":"Server is running on port 3000 \n","timestamp":"2023-12-22T14:14:29.939Z"}
{"code":"ERR_HTTP_HEADERS_SENT","level":"debug","timestamp":"2023-12-22T14:14:30.008Z"}
{"code":"ERR_HTTP_HEADERS_SENT","level":"debug","timestamp":"2023-12-22T14:14:30.022Z"}
{"level":"debug","message":"Server is running on port 3000 \n","timestamp":"2023-12-22T14:15:01.500Z"}
{"code":"ERR_HTTP_HEADERS_SENT","level":"debug","timestamp":"2023-12-22T14:15:01.575Z"}
{"code":"ERR_HTTP_HEADERS_SENT","level":"debug","timestamp":"2023-12-22T14:15:01.589Z"}
{"level":"debug","message":"Server is running on port 3000 \n","timestamp":"2023-12-22T14:30:18.028Z"}
{"code":"ERR_HTTP_HEADERS_SENT","level":"debug","timestamp":"2023-12-22T14:30:18.110Z"}
{"code":"ERR_HTTP_HEADERS_SENT","level":"debug","timestamp":"2023-12-22T14:30:18.125Z"}
{"level":"debug","message":"Server is running on port 3000 \n","timestamp":"2023-12-22T14:32:02.223Z"}
{"code":"ERR_HTTP_HEADERS_SENT","level":"debug","timestamp":"2023-12-22T14:32:02.476Z"}
{"code":"ERR_HTTP_HEADERS_SENT","level":"debug","timestamp":"2023-12-22T14:32:02.492Z"}
{"level":"debug","message":"Server is running on port 3000 \n","timestamp":"2023-12-22T14:36:13.340Z"}
{"code":"ERR_HTTP_HEADERS_SENT","level":"debug","timestamp":"2023-12-22T14:36:13.425Z"}
{"code":"ERR_HTTP_HEADERS_SENT","level":"debug","timestamp":"2023-12-22T14:36:13.439Z"}
{"level":"debug","message":"Server is running on port 3000 \n","timestamp":"2023-12-22T15:28:43.984Z"}
{"level":"debug","message":"Server is running on port 3000 \n","timestamp":"2023-12-23T13:56:48.144Z"}
{"code":"ERR_HTTP_HEADERS_SENT","level":"debug","timestamp":"2023-12-23T13:56:48.219Z"}
{"code":"ERR_HTTP_HEADERS_SENT","level":"debug","timestamp":"2023-12-23T13:56:48.234Z"}
{"level":"debug","message":"Server is running on port 3000 \n","timestamp":"2023-12-23T14:02:50.744Z"}
{"level":"debug","message":"Server is running on port 3000 \n","timestamp":"2023-12-23T14:03:47.285Z"}
{"code":"ERR_HTTP_HEADERS_SENT","level":"debug","timestamp":"2023-12-23T14:04:20.188Z"}
{"code":"ERR_HTTP_HEADERS_SENT","level":"debug","timestamp":"2023-12-23T14:04:35.836Z"}
{"code":"ERR_HTTP_HEADERS_SENT","level":"debug","timestamp":"2023-12-23T14:05:45.772Z"}
